<?xml version="1.0" encoding="UTF-8"?>
<testsuite xmlns:xsi="http://www.w3.org/2001/XMLSchema-instance" xsi:noNamespaceSchemaLocation="https://maven.apache.org/surefire/maven-surefire-plugin/xsd/surefire-test-report.xsd" version="3.0.2" name="com.laboratorio.laboratorio_reservas.LaboratorioReservasApplicationTests" time="10.587" tests="1" errors="0" skipped="0" failures="0">
  <properties>
[...]
</properties>
  <testcase name="contextLoads" classname="com.laboratorio.laboratorio_reservas.LaboratorioReservasApplicationTests" time="1.501">
    <system-out><![CDATA[16:43:39.486 [main] INFO org.springframework.test.context.support.AnnotationConfigContextLoaderUtils -- Could not detect default configuration classes for test class [com.laboratorio.laboratorio_reservas.LaboratorioReservasApplicationTests]: LaboratorioReservasApplicationTests does not declare any static, non-private, non-final, nested classes annotated with @Configuration.
16:43:39.713 [main] INFO org.springframework.boot.test.context.SpringBootTestContextBootstrapper -- Found @SpringBootConfiguration com.laboratorio.laboratorio_reservas.LaboratorioReservasApplication for test class com.laboratorio.laboratorio_reservas.LaboratorioReservasApplicationTests
16:43:39.989 [main] INFO org.springframework.boot.devtools.restart.RestartApplicationListener -- Restart disabled due to context in which it is running

  .   ____          _            __ _ _
 /\\ / ___'_ __ _ _(_)_ __  __ _ \ \ \ \
( ( )\___ | '_ | '_| | '_ \/ _` | \ \ \ \
 \\/  ___)| |_)| | | | | || (_| |  ) ) ) )
  '  |____| .__|_| |_|_| |_\__, | / / / /
 =========|_|==============|___/=/_/_/_/

 :: Spring Boot ::                (v3.4.3)

2025-03-12T16:43:40.690-05:00  INFO 68619 --- [LaboratorioReservas] [           main] .l.l.LaboratorioReservasApplicationTests : Starting LaboratorioReservasApplicationTests using Java 22.0.2 with PID 68619 (started by santiagoarteaga in /Users/santiagoarteaga/Documents/Lab04-CVDS-Back/laboratorio-reservas)
2025-03-12T16:43:40.693-05:00  INFO 68619 --- [LaboratorioReservas] [           main] .l.l.LaboratorioReservasApplicationTests : No active profile set, falling back to 1 default profile: "default"
2025-03-12T16:43:42.982-05:00  INFO 68619 --- [LaboratorioReservas] [           main] .s.d.r.c.RepositoryConfigurationDelegate : Bootstrapping Spring Data MongoDB repositories in DEFAULT mode.
2025-03-12T16:43:43.116-05:00  INFO 68619 --- [LaboratorioReservas] [           main] .s.d.r.c.RepositoryConfigurationDelegate : Finished Spring Data repository scanning in 124 ms. Found 2 MongoDB repository interfaces.
2025-03-12T16:43:44.378-05:00  INFO 68619 --- [LaboratorioReservas] [7ou.mongodb.net] org.mongodb.driver.cluster               : Adding discovered server cluster0-shard-00-00.xl7ou.mongodb.net:27017 to client view of cluster
2025-03-12T16:43:44.440-05:00  INFO 68619 --- [LaboratorioReservas] [           main] org.mongodb.driver.client                : MongoClient with metadata {"application": {"name": "Cluster0"}, "driver": {"name": "mongo-java-driver|sync|spring-boot", "version": "5.2.1"}, "os": {"type": "Darwin", "name": "Mac OS X", "architecture": "x86_64", "version": "11.7.9"}, "platform": "Java/Oracle Corporation/22.0.2+9-70"} created with settings MongoClientSettings{readPreference=primary, writeConcern=WriteConcern{w=majority, wTimeout=null ms, journal=null}, retryWrites=true, retryReads=true, readConcern=ReadConcern{level=null}, credential=MongoCredential{mechanism=null, userName='santiagoarteagag', source='admin', password=<hidden>, mechanismProperties=<hidden>}, transportSettings=null, commandListeners=[io.micrometer.core.instrument.binder.mongodb.MongoMetricsCommandListener@5d9618f2], codecRegistry=ProvidersCodecRegistry{codecProviders=[ValueCodecProvider{}, BsonValueCodecProvider{}, DBRefCodecProvider{}, DBObjectCodecProvider{}, DocumentCodecProvider{}, CollectionCodecProvider{}, IterableCodecProvider{}, MapCodecProvider{}, GeoJsonCodecProvider{}, GridFSFileCodecProvider{}, Jsr310CodecProvider{}, JsonObjectCodecProvider{}, BsonCodecProvider{}, EnumCodecProvider{}, com.mongodb.client.model.mql.ExpressionCodecProvider@7c7e73c5, com.mongodb.Jep395RecordCodecProvider@13cc0b90, com.mongodb.KotlinCodecProvider@58687fb7]}, loggerSettings=LoggerSettings{maxDocumentLength=1000}, clusterSettings={hosts=[127.0.0.1:27017], srvHost=cluster0.xl7ou.mongodb.net, srvServiceName=mongodb, mode=MULTIPLE, requiredClusterType=REPLICA_SET, requiredReplicaSetName='atlas-12drdt-shard-0', serverSelector='null', clusterListeners='[]', serverSelectionTimeout='30000 ms', localThreshold='15 ms'}, socketSettings=SocketSettings{connectTimeoutMS=10000, readTimeoutMS=0, receiveBufferSize=0, proxySettings=ProxySettings{host=null, port=null, username=null, password=null}}, heartbeatSocketSettings=SocketSettings{connectTimeoutMS=10000, readTimeoutMS=10000, receiveBufferSize=0, proxySettings=ProxySettings{host=null, port=null, username=null, password=null}}, connectionPoolSettings=ConnectionPoolSettings{maxSize=100, minSize=0, maxWaitTimeMS=120000, maxConnectionLifeTimeMS=0, maxConnectionIdleTimeMS=0, maintenanceInitialDelayMS=0, maintenanceFrequencyMS=60000, connectionPoolListeners=[io.micrometer.core.instrument.binder.mongodb.MongoMetricsConnectionPoolListener@3554bdc0], maxConnecting=2}, serverSettings=ServerSettings{heartbeatFrequencyMS=10000, minHeartbeatFrequencyMS=500, serverMonitoringMode=AUTO, serverListeners='[]', serverMonitorListeners='[]'}, sslSettings=SslSettings{enabled=true, invalidHostNameAllowed=false, context=null}, applicationName='Cluster0', compressorList=[], uuidRepresentation=JAVA_LEGACY, serverApi=null, autoEncryptionSettings=null, dnsClient=null, inetAddressResolver=null, contextProvider=null, timeoutMS=null}
2025-03-12T16:43:44.486-05:00  INFO 68619 --- [LaboratorioReservas] [7ou.mongodb.net] org.mongodb.driver.cluster               : Adding discovered server cluster0-shard-00-01.xl7ou.mongodb.net:27017 to client view of cluster
2025-03-12T16:43:44.493-05:00  INFO 68619 --- [LaboratorioReservas] [7ou.mongodb.net] org.mongodb.driver.cluster               : Adding discovered server cluster0-shard-00-02.xl7ou.mongodb.net:27017 to client view of cluster
2025-03-12T16:43:46.300-05:00  INFO 68619 --- [LaboratorioReservas] [ngodb.net:27017] org.mongodb.driver.cluster               : Monitor thread successfully connected to server with description ServerDescription{address=cluster0-shard-00-02.xl7ou.mongodb.net:27017, type=REPLICA_SET_PRIMARY, cryptd=false, state=CONNECTED, ok=true, minWireVersion=0, maxWireVersion=25, maxDocumentSize=16777216, logicalSessionTimeoutMinutes=30, roundTripTimeNanos=1029568594, minRoundTripTimeNanos=0, setName='atlas-12drdt-shard-0', canonicalAddress=cluster0-shard-00-02.xl7ou.mongodb.net:27017, hosts=[cluster0-shard-00-02.xl7ou.mongodb.net:27017, cluster0-shard-00-00.xl7ou.mongodb.net:27017, cluster0-shard-00-01.xl7ou.mongodb.net:27017], passives=[], arbiters=[], primary='cluster0-shard-00-02.xl7ou.mongodb.net:27017', tagSet=TagSet{[Tag{name='availabilityZone', value='use1-az5'}, Tag{name='diskState', value='READY'}, Tag{name='nodeType', value='ELECTABLE'}, Tag{name='provider', value='AWS'}, Tag{name='region', value='US_EAST_1'}, Tag{name='workloadType', value='OPERATIONAL'}]}, electionId=7fffffff00000000000001d0, setVersion=225, topologyVersion=TopologyVersion{processId=67c70ee62a14e6f2cea220bf, counter=6}, lastWriteDate=Wed Mar 12 16:43:48 COT 2025, lastUpdateTimeNanos=279711067618597}
2025-03-12T16:43:46.302-05:00  INFO 68619 --- [LaboratorioReservas] [ngodb.net:27017] org.mongodb.driver.cluster               : Monitor thread successfully connected to server with description ServerDescription{address=cluster0-shard-00-00.xl7ou.mongodb.net:27017, type=REPLICA_SET_SECONDARY, cryptd=false, state=CONNECTED, ok=true, minWireVersion=0, maxWireVersion=25, maxDocumentSize=16777216, logicalSessionTimeoutMinutes=30, roundTripTimeNanos=1030553828, minRoundTripTimeNanos=0, setName='atlas-12drdt-shard-0', canonicalAddress=cluster0-shard-00-00.xl7ou.mongodb.net:27017, hosts=[cluster0-shard-00-02.xl7ou.mongodb.net:27017, cluster0-shard-00-00.xl7ou.mongodb.net:27017, cluster0-shard-00-01.xl7ou.mongodb.net:27017], passives=[], arbiters=[], primary='cluster0-shard-00-02.xl7ou.mongodb.net:27017', tagSet=TagSet{[Tag{name='availabilityZone', value='use1-az1'}, Tag{name='diskState', value='READY'}, Tag{name='nodeType', value='ELECTABLE'}, Tag{name='provider', value='AWS'}, Tag{name='region', value='US_EAST_1'}, Tag{name='workloadType', value='OPERATIONAL'}]}, electionId=null, setVersion=225, topologyVersion=TopologyVersion{processId=67c70ea0f9fac6933d78ecac, counter=4}, lastWriteDate=Wed Mar 12 16:43:48 COT 2025, lastUpdateTimeNanos=279711068599704}
2025-03-12T16:43:46.307-05:00  INFO 68619 --- [LaboratorioReservas] [ngodb.net:27017] org.mongodb.driver.cluster               : Discovered replica set primary cluster0-shard-00-02.xl7ou.mongodb.net:27017 with max election id 7fffffff00000000000001d0 and max set version 225
2025-03-12T16:43:46.340-05:00  INFO 68619 --- [LaboratorioReservas] [ngodb.net:27017] org.mongodb.driver.cluster               : Monitor thread successfully connected to server with description ServerDescription{address=cluster0-shard-00-01.xl7ou.mongodb.net:27017, type=REPLICA_SET_SECONDARY, cryptd=false, state=CONNECTED, ok=true, minWireVersion=0, maxWireVersion=25, maxDocumentSize=16777216, logicalSessionTimeoutMinutes=30, roundTripTimeNanos=1084564137, minRoundTripTimeNanos=0, setName='atlas-12drdt-shard-0', canonicalAddress=cluster0-shard-00-01.xl7ou.mongodb.net:27017, hosts=[cluster0-shard-00-02.xl7ou.mongodb.net:27017, cluster0-shard-00-00.xl7ou.mongodb.net:27017, cluster0-shard-00-01.xl7ou.mongodb.net:27017], passives=[], arbiters=[], primary='cluster0-shard-00-02.xl7ou.mongodb.net:27017', tagSet=TagSet{[Tag{name='availabilityZone', value='use1-az2'}, Tag{name='diskState', value='READY'}, Tag{name='nodeType', value='ELECTABLE'}, Tag{name='provider', value='AWS'}, Tag{name='region', value='US_EAST_1'}, Tag{name='workloadType', value='OPERATIONAL'}]}, electionId=null, setVersion=225, topologyVersion=TopologyVersion{processId=67c70f2b9ad896b0426b03a5, counter=3}, lastWriteDate=Wed Mar 12 16:43:48 COT 2025, lastUpdateTimeNanos=279711119007687}
2025-03-12T16:43:46.963-05:00  INFO 68619 --- [LaboratorioReservas] [           main] o.s.b.a.w.s.WelcomePageHandlerMapping    : Adding welcome page: class path resource [static/index.html]
2025-03-12T16:43:47.891-05:00  INFO 68619 --- [LaboratorioReservas] [           main] o.s.b.a.e.web.EndpointLinksResolver      : Exposing 1 endpoint beneath base path '/actuator'
2025-03-12T16:43:48.009-05:00  INFO 68619 --- [LaboratorioReservas] [           main] .l.l.LaboratorioReservasApplicationTests : Started LaboratorioReservasApplicationTests in 8.039 seconds (process running for 10.139)
]]></system-out>
    <system-err><![CDATA[Mockito is currently self-attaching to enable the inline-mock-maker. This will no longer work in future releases of the JDK. Please add Mockito as an agent to your build what is described in Mockito's documentation: https://javadoc.io/doc/org.mockito/mockito-core/latest/org/mockito/Mockito.html#0.3
WARNING: A Java agent has been loaded dynamically (/Users/santiagoarteaga/.m2/repository/net/bytebuddy/byte-buddy-agent/1.15.11/byte-buddy-agent-1.15.11.jar)
WARNING: If a serviceability tool is in use, please run with -XX:+EnableDynamicAgentLoading to hide this warning
WARNING: If a serviceability tool is not in use, please run with -Djdk.instrument.traceUsage for more information
WARNING: Dynamic loading of agents will be disallowed by default in a future release
]]></system-err>
  </testcase>
</testsuite>